<?xml version="1.0" encoding="UTF-8"?>
<!-- Generated by org.testng.reporters.JUnitReportReporter -->
<testsuite hostname="S0994L" failures="0" tests="1" name="TC003_GET_Method" time="3.769" errors="0" timestamp="2022-02-09T16:23:50 IST" skipped="0">
  <testcase classname="TC003_GET_Method" name="getmethodtest" time="3.769"/>
  <system-out/>
</testsuite> <!-- TC003_GET_Method -->
